[12Jun2026 15:24:46.191] [main/INFO] [net.neoforged.fml.startup.Entrypoint/]: JVM Uptime at startup: 80ms
[12Jun2026 15:24:46.203] [main/INFO] [net.neoforged.fml.loading.FMLLoader/]: Starting FancyModLoader version 11.0.5 (CLIENT in DEV)
[12Jun2026 15:24:46.203] [main/INFO] [net.neoforged.fml.loading.FMLLoader/]: Game directory: /home/niwer/Documents/Developpement/dynamic_smoke_particles/neoforge/runs/client
[12Jun2026 15:24:46.241] [main/INFO] [net.neoforged.fml.loading.EarlyServiceDiscovery/]: Found 2 early service jars (out of 93) in 15ms
[12Jun2026 15:24:46.242] [main/INFO] [net.neoforged.fml.loading.FMLLoader/]: Loading FML Early Services:
[12Jun2026 15:24:46.242] [main/INFO] [net.neoforged.fml.loading.FMLLoader/]:  - /home/niwer/.gradle/caches/modules-2/files-2.1/net.neoforged.fancymodloader/loader/11.0.5/3477e70d79fe8cd06962749f24e64f01edda3bb3/loader-11.0.5.jar
[12Jun2026 15:24:46.243] [main/INFO] [net.neoforged.fml.loading.FMLLoader/]:  - /home/niwer/.gradle/caches/modules-2/files-2.1/net.neoforged.fancymodloader/earlydisplay/11.0.5/b2edeab4008c91772d61f8f98a5253a09a4e890d/earlydisplay-11.0.5.jar
[12Jun2026 15:24:46.246] [main/INFO] [net.neoforged.fml.loading.ImmediateWindowHandler/]: Loading ImmediateWindowProvider fmlearlywindow
[12Jun2026 15:24:46.767] [ForkJoinPool.commonPool-worker-2/INFO] [net.neoforged.fml.loading.moddiscovery.locators.GameLocator/]: Detected a joined NeoForge and Minecraft configuration. Applying filtering...
[12Jun2026 15:24:46.849] [ForkJoinPool.commonPool-worker-2/INFO] [net.neoforged.fml.loading.moddiscovery.locators.InDevFolderLocator/CORE]: Got mod coordinates dynamic_smoke_particles%%/home/niwer/Documents/Developpement/dynamic_smoke_particles/neoforge/build/classes/java/main:dynamic_smoke_particles%%/home/niwer/Documents/Developpement/dynamic_smoke_particles/neoforge/build/resources/main from env
[12Jun2026 15:24:46.855] [fml-loadingscreen/INFO] [net.neoforged.fml.earlydisplay.render.LoadingScreenRenderer/]: GL info: NVIDIA GeForce RTX 3070/PCIe/SSE2 GL version 3.3.0 NVIDIA 595.80, NVIDIA Corporation
[12Jun2026 15:24:46.932] [ForkJoinPool.commonPool-worker-2/INFO] [net.neoforged.fml.loading.moddiscovery.locators.JarInJarDependencyLocator/]: Found 2 dependencies adding them to mods collection
[12Jun2026 15:24:46.933] [ForkJoinPool.commonPool-worker-2/INFO] [net.neoforged.fml.loading.moddiscovery.ModDiscoverer/]: 
     Mod List:
		Name Version (Mod Id)

		Dynamic Smoke Particles 26.1.2.0 (dynamic_smoke_particles)
		Minecraft 26.1.2 (minecraft)
		NeoForge 26.1.2.7-beta (neoforge)
[12Jun2026 15:24:47.100] [main/INFO] [mixin/]: SpongePowered MIXIN Subsystem Version=0.8.7 Source=file:/home/niwer/.gradle/caches/modules-2/files-2.1/net.fabricmc/sponge-mixin/0.17.0+mixin.0.8.7/cf31463202f72d03b0ef1e1e38e8ee71b7faaab6/sponge-mixin-0.17.0+mixin.0.8.7.jar Service=FML Env=CLIENT
[12Jun2026 15:24:47.111] [main/INFO] [net.neoforged.fml.loading.FMLLoader/]: Loading FML Plugins:
[12Jun2026 15:24:47.111] [main/INFO] [net.neoforged.fml.loading.FMLLoader/]:  - /home/niwer/.gradle/caches/modules-2/files-2.1/net.neoforged/neoforge/26.1.2.7-beta/92eba0d120a46052268aa4aa38bbbcffde3992cd/neoforge-26.1.2.7-beta-universal.jar > net.neoforged.neoforge-coremods-26.1.2.7-beta.jar
[12Jun2026 15:24:47.164] [main/INFO] [net.neoforged.fml.loading.FMLLoader/]: Building game content classloader:
 - dynamic_smoke_particles (composite(folder(/home/niwer/Documents/Developpement/dynamic_smoke_particles/neoforge/build/classes/java/main), folder(/home/niwer/Documents/Developpement/dynamic_smoke_particles/neoforge/build/resources/main)))
 - minecraft (composite(filtered(jar(/home/niwer/Documents/Developpement/dynamic_smoke_particles/neoforge/build/moddev/artifacts/minecraft-patched-26.1.2.7-beta.jar)), filtered(jar(/home/niwer/Documents/Developpement/dynamic_smoke_particles/neoforge/build/moddev/artifacts/minecraft-patched-26.1.2.7-beta.jar))))
 - mixinextras.neoforge (jar(/home/niwer/.gradle/caches/modules-2/files-2.1/net.neoforged/neoforge/26.1.2.7-beta/92eba0d120a46052268aa4aa38bbbcffde3992cd/neoforge-26.1.2.7-beta-universal.jar > mixinextras-neoforge-0.5.3.jar))
 - neoforge (composite(filtered(jar(/home/niwer/.gradle/caches/modules-2/files-2.1/net.neoforged/neoforge/26.1.2.7-beta/92eba0d120a46052268aa4aa38bbbcffde3992cd/neoforge-26.1.2.7-beta-universal.jar))))
 - net.neoforged.fml.generated (empty(VirtualJar/net.neoforged.fml.generated))
[12Jun2026 15:24:47.172] [main/INFO] [net.neoforged.fml.loading.FMLLoader/]: Built game content classloader in 12ms
[12Jun2026 15:24:47.194] [main/INFO] [mixin/]: Compatibility level set to JAVA_25
[12Jun2026 15:24:48.002] [pool-8-thread-1/INFO] [MixinExtras|Service/]: Initializing MixinExtras via com.llamalad7.mixinextras.service.MixinExtrasServiceImpl(version=0.5.3).
[12Jun2026 15:24:48.088] [Datafixer Bootstrap/INFO] [com.mojang.datafixers.DataFixerBuilder/]: 294 Datafixer optimizations took 251 milliseconds
[12Jun2026 15:24:51.080] [main/WARN] [net.minecraft.commands.Commands/]: Ambiguity between arguments [teleport, location] and [teleport, destination] with inputs: [0.1 -0.5 .9, 0 0 0]
[12Jun2026 15:24:51.081] [main/WARN] [net.minecraft.commands.Commands/]: Ambiguity between arguments [teleport, location] and [teleport, targets] with inputs: [0.1 -0.5 .9, 0 0 0]
[12Jun2026 15:24:51.083] [main/WARN] [net.minecraft.commands.Commands/]: Ambiguity between arguments [teleport, destination] and [teleport, targets] with inputs: [Player, 0123, @e, dd12be42-52a9-4a91-a8a1-11c01849e498]
[12Jun2026 15:24:51.084] [main/WARN] [net.minecraft.commands.Commands/]: Ambiguity between arguments [teleport, targets] and [teleport, destination] with inputs: [Player, 0123, dd12be42-52a9-4a91-a8a1-11c01849e498]
[12Jun2026 15:24:51.085] [main/WARN] [net.minecraft.commands.Commands/]: Ambiguity between arguments [teleport, targets, location] and [teleport, targets, destination] with inputs: [0.1 -0.5 .9, 0 0 0]
[12Jun2026 15:24:51.086] [main/WARN] [net.minecraft.commands.Commands/]: Ambiguity between arguments [time, set, time] and [time, set, timemarker] with inputs: [0, 0s, 0d, 0t]
[12Jun2026 15:24:51.087] [main/WARN] [net.minecraft.commands.Commands/]: Ambiguity between arguments [time, set, timemarker] and [time, set, time] with inputs: [012]
[12Jun2026 15:24:51.088] [main/WARN] [net.minecraft.commands.Commands/]: Ambiguity between arguments [time, of, clock, set, time] and [time, of, clock, set, timemarker] with inputs: [0, 0s, 0d, 0t]
[12Jun2026 15:24:51.089] [main/WARN] [net.minecraft.commands.Commands/]: Ambiguity between arguments [time, of, clock, set, timemarker] and [time, of, clock, set, time] with inputs: [012]
[12Jun2026 15:24:51.091] [main/WARN] [net.minecraft.commands.Commands/]: Ambiguity between arguments [waypoint, modify, waypoint, color, reset] and [waypoint, modify, waypoint, color, color] with inputs: [reset]
[12Jun2026 15:24:51.135] [modloading-worker-0/INFO] [net.neoforged.neoforge.common.NeoForgeMod/NEOFORGE-MOD]: NeoForge mod loading, version 26.1.2.7-beta, for MC 26.1.2
[12Jun2026 15:24:51.490] [Render thread/INFO] [com.mojang.authlib.yggdrasil.YggdrasilAuthenticationService/]: Environment: Environment[sessionHost=https://sessionserver.mojang.com, servicesHost=https://api.minecraftservices.com, profilesHost=https://api.mojang.com, name=PROD]
[12Jun2026 15:24:51.497] [Render thread/INFO] [net.minecraft.client.Minecraft/]: Setting user: Dev
[12Jun2026 15:24:51.564] [Render thread/INFO] [net.minecraft.client.Minecraft/]: Backend library: LWJGL version 3.4.1+2
[12Jun2026 15:24:51.678] [Render thread/INFO] [net.minecraft.client.Minecraft/]: Using optional rendering extensions: GL_ARB_buffer_storage, GL_KHR_debug, GL_ARB_vertex_attrib_binding, GL_ARB_direct_state_access, GL_EXT_texture_filter_anisotropic
[12Jun2026 15:24:52.155] [Render thread/INFO] [net.minecraft.server.packs.resources.ReloadableResourceManager/]: Reloading ResourceManager: vanilla, mod_resources, mod/dynamic_smoke_particles, mod/neoforge
[12Jun2026 15:24:52.506] [resourceLoad/INFO] [net.minecraft.client.gui.font.providers.UnihexProvider/]: Found unifont_pua-17.0.01.hex, loading
[12Jun2026 15:24:52.512] [resourceLoad/INFO] [net.minecraft.client.gui.font.providers.UnihexProvider/]: Found unifont_all_no_pua-17.0.01.hex, loading
[12Jun2026 15:24:52.555] [resourceLoad/INFO] [net.minecraft.client.gui.font.providers.UnihexProvider/]: Found unifont_jp_patch-17.0.01.hex, loading
[12Jun2026 15:24:53.502] [Render thread/WARN] [com.mojang.blaze3d.opengl.GlProgram/]: neoforge:pipeline/item_cutout_unlit shader program does not use sampler Sampler2 defined in the pipeline. This might be a bug.
[12Jun2026 15:24:53.503] [Render thread/WARN] [com.mojang.blaze3d.opengl.GlProgram/]: neoforge:pipeline/item_translucent_unlit shader program does not use sampler Sampler2 defined in the pipeline. This might be a bug.
[12Jun2026 15:24:53.566] [Render thread/INFO] [com.mojang.blaze3d.audio.Library/]: OpenAL initialized on device Razer BlackShark V2 Pro 2.4 Analog Stereo
[12Jun2026 15:24:53.568] [Render thread/INFO] [net.minecraft.client.sounds.SoundEngine/SOUNDS]: Sound engine started
[12Jun2026 15:24:53.568] [Render thread/INFO] [net.minecraft.client.renderer.texture.TextureAtlas/]: Created: 512x256x0 minecraft:textures/atlas/particles.png-atlas
[12Jun2026 15:24:53.585] [Render thread/INFO] [net.minecraft.client.renderer.texture.TextureAtlas/]: Created: 128x128x0 minecraft:textures/atlas/decorated_pot.png-atlas
[12Jun2026 15:24:53.586] [Render thread/INFO] [net.minecraft.client.renderer.texture.TextureAtlas/]: Created: 2048x1024x0 minecraft:textures/atlas/armor_trims.png-atlas
[12Jun2026 15:24:53.612] [Render thread/INFO] [net.minecraft.client.renderer.texture.TextureAtlas/]: Created: 512x256x0 minecraft:textures/atlas/paintings.png-atlas
[12Jun2026 15:24:53.655] [Render thread/INFO] [net.minecraft.client.renderer.texture.TextureAtlas/]: Created: 1024x512x0 minecraft:textures/atlas/shield_patterns.png-atlas
[12Jun2026 15:24:53.663] [Render thread/INFO] [net.minecraft.client.renderer.texture.TextureAtlas/]: Created: 2048x2048x4 minecraft:textures/atlas/blocks.png-atlas
[12Jun2026 15:24:53.729] [Render thread/INFO] [net.minecraft.client.renderer.texture.TextureAtlas/]: Created: 512x512x0 minecraft:textures/atlas/chest.png-atlas
[12Jun2026 15:24:53.742] [Render thread/INFO] [net.minecraft.client.renderer.texture.TextureAtlas/]: Created: 256x128x0 minecraft:textures/atlas/celestials.png-atlas
[12Jun2026 15:24:53.743] [Render thread/INFO] [net.minecraft.client.renderer.texture.TextureAtlas/]: Created: 1024x512x0 minecraft:textures/atlas/banner_patterns.png-atlas
[12Jun2026 15:24:53.745] [Render thread/INFO] [net.minecraft.client.renderer.texture.TextureAtlas/]: Created: 512x512x0 minecraft:textures/atlas/beds.png-atlas
[12Jun2026 15:24:53.747] [Render thread/INFO] [net.minecraft.client.renderer.texture.TextureAtlas/]: Created: 1024x512x0 minecraft:textures/atlas/items.png-atlas
[12Jun2026 15:24:53.766] [Render thread/INFO] [net.minecraft.client.renderer.texture.TextureAtlas/]: Created: 1024x1024x0 minecraft:textures/atlas/gui.png-atlas
[12Jun2026 15:24:53.789] [Render thread/INFO] [net.minecraft.client.renderer.texture.TextureAtlas/]: Created: 128x64x0 minecraft:textures/atlas/map_decorations.png-atlas
[12Jun2026 15:24:53.806] [Render thread/INFO] [net.minecraft.client.renderer.texture.TextureAtlas/]: Created: 512x256x0 minecraft:textures/atlas/signs.png-atlas
[12Jun2026 15:24:53.808] [Render thread/INFO] [net.minecraft.client.renderer.texture.TextureAtlas/]: Created: 512x512x0 minecraft:textures/atlas/shulker_boxes.png-atlas
[12Jun2026 15:24:53.941] [Render thread/INFO] [net.neoforged.neoforge.client.entity.animation.json.AnimationLoader/]: Loaded 0 entity animations
[12Jun2026 15:25:17.800] [Render thread/WARN] [net.minecraft.server.MinecraftServer/]: Missing data pack fabric-convention-tags-v2
[12Jun2026 15:25:17.801] [Render thread/WARN] [net.minecraft.server.MinecraftServer/]: Missing data pack fabric-gametest-api-v1
[12Jun2026 15:25:18.370] [Render thread/INFO] [net.minecraft.world.item.crafting.RecipeManager/]: Loaded 1515 recipes
[12Jun2026 15:25:18.379] [Render thread/INFO] [net.minecraft.advancements.AdvancementTree/]: Loaded 1617 advancements
[12Jun2026 15:25:18.380] [Render thread/INFO] [net.neoforged.neoforge.common.crafting.RecipePriorityManager/]: Loaded 0 recipe priority overrides
[12Jun2026 15:25:18.502] [Server thread/INFO] [net.minecraft.client.server.IntegratedServer/]: Starting integrated minecraft server version 26.1.2
[12Jun2026 15:25:18.503] [Server thread/INFO] [net.minecraft.server.MinecraftServer/]: Generating keypair
[12Jun2026 15:25:18.703] [Server thread/INFO] [net.minecraft.server.level.progress.LoggingLevelLoadListener/]: Loading 0 persistent chunks...
[12Jun2026 15:25:18.703] [Server thread/INFO] [net.minecraft.server.level.progress.LoggingLevelLoadListener/]: Preparing spawn area: 16%
[12Jun2026 15:25:18.714] [Server thread/INFO] [net.minecraft.server.MinecraftServer/]: Saving chunks for level 'ServerLevel[Test]'/minecraft:overworld
[12Jun2026 15:25:18.736] [Server thread/INFO] [net.minecraft.server.MinecraftServer/]: Saving chunks for level 'ServerLevel[Test]'/minecraft:the_end
[12Jun2026 15:25:18.744] [Server thread/INFO] [net.minecraft.server.MinecraftServer/]: Saving chunks for level 'ServerLevel[Test]'/minecraft:the_nether
[12Jun2026 15:25:18.777] [Server thread/INFO] [net.minecraft.server.MinecraftServer/]: ThreadedAnvilChunkStorage (world): All chunks are saved
[12Jun2026 15:25:18.778] [Server thread/INFO] [net.minecraft.server.MinecraftServer/]: ThreadedAnvilChunkStorage (DIM1): All chunks are saved
[12Jun2026 15:25:18.778] [Server thread/INFO] [net.minecraft.server.MinecraftServer/]: ThreadedAnvilChunkStorage (DIM-1): All chunks are saved
[12Jun2026 15:25:18.778] [Server thread/INFO] [net.minecraft.server.MinecraftServer/]: ThreadedAnvilChunkStorage: All dimensions are saved
[12Jun2026 15:25:18.780] [Server thread/INFO] [net.neoforged.neoforge.server.permission.PermissionAPI/]: Successfully initialized permission handler neoforge:default_handler
[12Jun2026 15:25:19.103] [Server thread/INFO] [net.minecraft.server.level.progress.LoggingLevelLoadListener/]: Loading 49 chunks for player spawn...
[12Jun2026 15:25:19.231] [Server thread/INFO] [net.minecraft.server.level.progress.LoggingLevelLoadListener/]: Preparing spawn area: 100%
[12Jun2026 15:25:19.231] [Server thread/INFO] [net.minecraft.server.level.progress.LoggingLevelLoadListener/]: Time elapsed: 528 ms
[12Jun2026 15:25:19.414] [Server thread/INFO] [net.minecraft.server.players.PlayerList/]: Dev[local:E:7880034b] logged in with entity id 2 at (45.609727805333755, -59.125, -23.415497963510536)
[12Jun2026 15:25:19.445] [Server thread/INFO] [net.minecraft.server.MinecraftServer/]: Dev joined the game
[12Jun2026 15:25:19.507] [Server thread/INFO] [net.minecraft.client.server.IntegratedServer/]: Changing view distance to 16, from 10
[12Jun2026 15:25:19.510] [Server thread/INFO] [net.minecraft.client.server.IntegratedServer/]: Changing simulation distance to 12, from 0
[12Jun2026 15:25:19.538] [Render thread/WARN] [net.minecraft.client.multiplayer.ClientPacketListener/]: Ignoring chat session from Dev due to missing Services public key
[12Jun2026 15:25:19.540] [Render thread/INFO] [net.minecraft.advancements.AdvancementTree/]: Loaded 2 advancements
[12Jun2026 15:25:19.612] [Render thread/INFO] [net.minecraft.client.renderer.DynamicUniformStorage/]: Resizing Dynamic Transforms UBO, capacity limit of 2 reached during a single frame. New capacity will be 4.
[12Jun2026 15:25:19.645] [Render thread/INFO] [net.minecraft.client.renderer.DynamicUniformStorage/]: Resizing Dynamic Transforms UBO, capacity limit of 4 reached during a single frame. New capacity will be 8.
[12Jun2026 15:25:19.715] [Render thread/INFO] [net.minecraft.client.renderer.DynamicUniformStorage/]: Resizing Dynamic Transforms UBO, capacity limit of 8 reached during a single frame. New capacity will be 16.
[12Jun2026 15:25:19.764] [Render thread/INFO] [net.minecraft.client.renderer.DynamicUniformStorage/]: Resizing Chunk Sections UBO, capacity limit of 2 reached during a single frame. New capacity will be 4.
[12Jun2026 15:25:19.811] [Render thread/INFO] [net.minecraft.client.renderer.DynamicUniformStorage/]: Resizing Chunk Sections UBO, capacity limit of 4 reached during a single frame. New capacity will be 8.
[12Jun2026 15:25:19.860] [Render thread/INFO] [net.minecraft.client.renderer.DynamicUniformStorage/]: Resizing Chunk Sections UBO, capacity limit of 8 reached during a single frame. New capacity will be 16.
[12Jun2026 15:25:19.947] [Render thread/INFO] [net.minecraft.client.renderer.DynamicUniformStorage/]: Resizing Chunk Sections UBO, capacity limit of 16 reached during a single frame. New capacity will be 32.
[12Jun2026 15:25:20.098] [Render thread/INFO] [net.minecraft.client.renderer.DynamicUniformStorage/]: Resizing Chunk Sections UBO, capacity limit of 32 reached during a single frame. New capacity will be 64.
[12Jun2026 15:25:20.329] [Render thread/INFO] [net.minecraft.client.renderer.DynamicUniformStorage/]: Resizing Chunk Sections UBO, capacity limit of 64 reached during a single frame. New capacity will be 128.
[12Jun2026 15:25:20.549] [Render thread/INFO] [net.minecraft.client.renderer.DynamicUniformStorage/]: Resizing Chunk Sections UBO, capacity limit of 128 reached during a single frame. New capacity will be 256.
[12Jun2026 15:25:21.333] [Render thread/INFO] [net.minecraft.client.renderer.DynamicUniformStorage/]: Resizing Chunk Sections UBO, capacity limit of 256 reached during a single frame. New capacity will be 512.
[12Jun2026 15:25:22.947] [Server thread/INFO] [net.minecraft.server.MinecraftServer/]: [Dev: Set minecraft:overworld to time marker minecraft:day]
[12Jun2026 15:25:22.950] [Render thread/INFO] [net.minecraft.client.gui.components.ChatComponent/]: [System] [CHAT] Set minecraft:overworld to time marker minecraft:day
[12Jun2026 15:25:36.731] [Server thread/INFO] [net.minecraft.client.server.IntegratedServer/]: Saving and pausing game...
[12Jun2026 15:25:36.756] [Server thread/INFO] [net.minecraft.server.MinecraftServer/]: Saving chunks for level 'ServerLevel[Test]'/minecraft:overworld
[12Jun2026 15:25:36.761] [Server thread/INFO] [net.minecraft.server.MinecraftServer/]: Saving chunks for level 'ServerLevel[Test]'/minecraft:the_end
[12Jun2026 15:25:36.761] [Server thread/INFO] [net.minecraft.server.MinecraftServer/]: Saving chunks for level 'ServerLevel[Test]'/minecraft:the_nether
[12Jun2026 15:25:37.181] [Server thread/INFO] [net.minecraft.server.MinecraftServer/]: Stopping server
[12Jun2026 15:25:37.181] [Server thread/INFO] [net.minecraft.server.MinecraftServer/]: Saving players
[12Jun2026 15:25:37.204] [Server thread/INFO] [net.minecraft.server.network.ServerGamePacketListenerImpl/]: Dev lost connection: Disconnected
[12Jun2026 15:25:37.205] [Server thread/INFO] [net.minecraft.server.MinecraftServer/]: Dev left the game
[12Jun2026 15:25:37.220] [Server thread/INFO] [net.minecraft.server.network.ServerCommonPacketListenerImpl/]: Stopping singleplayer server as player logged out
[12Jun2026 15:25:37.220] [Server thread/INFO] [net.minecraft.server.MinecraftServer/]: Saving worlds
[12Jun2026 15:25:37.277] [Server thread/INFO] [net.minecraft.server.MinecraftServer/]: Saving chunks for level 'ServerLevel[Test]'/minecraft:overworld
[12Jun2026 15:25:37.349] [Server thread/INFO] [net.minecraft.server.MinecraftServer/]: Saving chunks for level 'ServerLevel[Test]'/minecraft:the_end
[12Jun2026 15:25:37.362] [Server thread/INFO] [net.minecraft.server.MinecraftServer/]: Saving chunks for level 'ServerLevel[Test]'/minecraft:the_nether
[12Jun2026 15:25:37.381] [Server thread/INFO] [net.minecraft.server.MinecraftServer/]: ThreadedAnvilChunkStorage (world): All chunks are saved
[12Jun2026 15:25:37.381] [Server thread/INFO] [net.minecraft.server.MinecraftServer/]: ThreadedAnvilChunkStorage (DIM1): All chunks are saved
[12Jun2026 15:25:37.382] [Server thread/INFO] [net.minecraft.server.MinecraftServer/]: ThreadedAnvilChunkStorage (DIM-1): All chunks are saved
[12Jun2026 15:25:37.382] [Server thread/INFO] [net.minecraft.server.MinecraftServer/]: ThreadedAnvilChunkStorage: All dimensions are saved
[12Jun2026 15:25:40.615] [Render thread/INFO] [net.minecraft.client.Minecraft/]: Stopping!
